mode: set
github.com/ferg-cod3s/vibetunnel/go-server/internal/auth/jwt.go:24.49,25.29 1 1
github.com/ferg-cod3s/vibetunnel/go-server/internal/auth/jwt.go:25.29,26.16 1 1
github.com/ferg-cod3s/vibetunnel/go-server/internal/auth/jwt.go:26.16,28.4 1 1
github.com/ferg-cod3s/vibetunnel/go-server/internal/auth/jwt.go:30.2,30.14 1 1
github.com/ferg-cod3s/vibetunnel/go-server/internal/auth/jwt.go:34.55,35.29 1 1
github.com/ferg-cod3s/vibetunnel/go-server/internal/auth/jwt.go:35.29,36.23 1 1
github.com/ferg-cod3s/vibetunnel/go-server/internal/auth/jwt.go:36.23,38.4 1 1
github.com/ferg-cod3s/vibetunnel/go-server/internal/auth/jwt.go:40.2,40.14 1 1
github.com/ferg-cod3s/vibetunnel/go-server/internal/auth/jwt.go:49.41,53.2 1 1
github.com/ferg-cod3s/vibetunnel/go-server/internal/auth/jwt.go:56.96,73.2 4 1
github.com/ferg-cod3s/vibetunnel/go-server/internal/auth/jwt.go:76.74,77.23 1 1
github.com/ferg-cod3s/vibetunnel/go-server/internal/auth/jwt.go:77.23,79.3 1 1
github.com/ferg-cod3s/vibetunnel/go-server/internal/auth/jwt.go:81.2,81.108 1 1
github.com/ferg-cod3s/vibetunnel/go-server/internal/auth/jwt.go:81.108,83.58 1 1
github.com/ferg-cod3s/vibetunnel/go-server/internal/auth/jwt.go:83.58,85.4 1 0
github.com/ferg-cod3s/vibetunnel/go-server/internal/auth/jwt.go:86.3,86.23 1 1
github.com/ferg-cod3s/vibetunnel/go-server/internal/auth/jwt.go:89.2,89.16 1 1
github.com/ferg-cod3s/vibetunnel/go-server/internal/auth/jwt.go:89.16,91.3 1 1
github.com/ferg-cod3s/vibetunnel/go-server/internal/auth/jwt.go:93.2,93.65 1 1
github.com/ferg-cod3s/vibetunnel/go-server/internal/auth/jwt.go:93.65,95.3 1 1
github.com/ferg-cod3s/vibetunnel/go-server/internal/auth/jwt.go:97.2,97.48 1 0
github.com/ferg-cod3s/vibetunnel/go-server/internal/auth/jwt.go:101.95,103.108 1 1
github.com/ferg-cod3s/vibetunnel/go-server/internal/auth/jwt.go:103.108,104.58 1 1
github.com/ferg-cod3s/vibetunnel/go-server/internal/auth/jwt.go:104.58,106.4 1 0
github.com/ferg-cod3s/vibetunnel/go-server/internal/auth/jwt.go:107.3,107.23 1 1
github.com/ferg-cod3s/vibetunnel/go-server/internal/auth/jwt.go:110.2,110.16 1 1
github.com/ferg-cod3s/vibetunnel/go-server/internal/auth/jwt.go:110.16,112.3 1 1
github.com/ferg-cod3s/vibetunnel/go-server/internal/auth/jwt.go:114.2,114.50 1 1
github.com/ferg-cod3s/vibetunnel/go-server/internal/auth/jwt.go:114.50,122.3 2 1
github.com/ferg-cod3s/vibetunnel/go-server/internal/auth/jwt.go:124.2,124.47 1 0
github.com/ferg-cod3s/vibetunnel/go-server/internal/auth/jwt.go:128.67,129.46 1 1
github.com/ferg-cod3s/vibetunnel/go-server/internal/auth/jwt.go:129.46,130.72 1 1
github.com/ferg-cod3s/vibetunnel/go-server/internal/auth/jwt.go:130.72,133.24 2 1
github.com/ferg-cod3s/vibetunnel/go-server/internal/auth/jwt.go:133.24,136.5 2 1
github.com/ferg-cod3s/vibetunnel/go-server/internal/auth/jwt.go:139.4,140.47 2 1
github.com/ferg-cod3s/vibetunnel/go-server/internal/auth/jwt.go:140.47,143.5 2 1
github.com/ferg-cod3s/vibetunnel/go-server/internal/auth/jwt.go:145.4,146.25 2 1
github.com/ferg-cod3s/vibetunnel/go-server/internal/auth/jwt.go:146.25,149.5 2 1
github.com/ferg-cod3s/vibetunnel/go-server/internal/auth/jwt.go:152.4,153.18 2 1
github.com/ferg-cod3s/vibetunnel/go-server/internal/auth/jwt.go:153.18,156.5 2 1
github.com/ferg-cod3s/vibetunnel/go-server/internal/auth/jwt.go:159.4,160.41 2 1
github.com/ferg-cod3s/vibetunnel/go-server/internal/auth/jwt.go:166.84,173.2 3 1
github.com/ferg-cod3s/vibetunnel/go-server/internal/auth/jwt.go:181.58,182.61 1 1
github.com/ferg-cod3s/vibetunnel/go-server/internal/auth/jwt.go:182.61,184.3 1 1
github.com/ferg-cod3s/vibetunnel/go-server/internal/auth/jwt.go:185.2,185.12 1 1
github.com/ferg-cod3s/vibetunnel/go-server/internal/auth/jwt.go:189.71,190.46 1 1
github.com/ferg-cod3s/vibetunnel/go-server/internal/auth/jwt.go:190.46,191.72 1 1
github.com/ferg-cod3s/vibetunnel/go-server/internal/auth/jwt.go:191.72,193.19 2 1
github.com/ferg-cod3s/vibetunnel/go-server/internal/auth/jwt.go:193.19,196.5 2 0
github.com/ferg-cod3s/vibetunnel/go-server/internal/auth/jwt.go:198.4,198.35 1 1
github.com/ferg-cod3s/vibetunnel/go-server/internal/auth/jwt.go:198.35,201.5 2 1
github.com/ferg-cod3s/vibetunnel/go-server/internal/auth/jwt.go:203.4,203.24 1 1
github.com/ferg-cod3s/vibetunnel/go-server/internal/auth/jwt.go:209.77,210.46 1 1
github.com/ferg-cod3s/vibetunnel/go-server/internal/auth/jwt.go:210.46,211.72 1 1
github.com/ferg-cod3s/vibetunnel/go-server/internal/auth/jwt.go:211.72,213.19 2 1
github.com/ferg-cod3s/vibetunnel/go-server/internal/auth/jwt.go:213.19,216.5 2 0
github.com/ferg-cod3s/vibetunnel/go-server/internal/auth/jwt.go:218.4,218.39 1 1
github.com/ferg-cod3s/vibetunnel/go-server/internal/auth/jwt.go:218.39,221.5 2 1
github.com/ferg-cod3s/vibetunnel/go-server/internal/auth/jwt.go:223.4,223.24 1 1
github.com/ferg-cod3s/vibetunnel/go-server/internal/auth/jwt.go:229.68,236.2 3 1
github.com/ferg-cod3s/vibetunnel/go-server/internal/auth/jwt.go:244.38,248.2 1 1
github.com/ferg-cod3s/vibetunnel/go-server/internal/auth/jwt.go:251.70,252.20 1 1
github.com/ferg-cod3s/vibetunnel/go-server/internal/auth/jwt.go:252.20,254.3 1 0
github.com/ferg-cod3s/vibetunnel/go-server/internal/auth/jwt.go:256.2,257.16 2 1
github.com/ferg-cod3s/vibetunnel/go-server/internal/auth/jwt.go:257.16,259.3 1 0
github.com/ferg-cod3s/vibetunnel/go-server/internal/auth/jwt.go:261.2,261.26 1 1
github.com/ferg-cod3s/vibetunnel/go-server/internal/auth/jwt.go:265.66,266.34 1 1
github.com/ferg-cod3s/vibetunnel/go-server/internal/auth/jwt.go:266.34,268.3 1 1
github.com/ferg-cod3s/vibetunnel/go-server/internal/auth/jwt.go:270.2,271.19 2 1
